gyp info it worked if it ends with ok
gyp info using node-gyp@2.0.1
gyp info using node@0.12.4 | darwin | x64
gyp info spawn python
gyp info spawn args [ '/usr/local/lib/node_modules/node-gyp/gyp/gyp_main.py',
gyp info spawn args   'binding.gyp',
gyp info spawn args   '-f',
gyp info spawn args   'make',
gyp info spawn args   '-I',
gyp info spawn args   '/Users/friends/Development/dropship/build/config.gypi',
gyp info spawn args   '-I',
gyp info spawn args   '/usr/local/lib/node_modules/node-gyp/addon.gypi',
gyp info spawn args   '-I',
gyp info spawn args   '/Users/friends/.node-gyp/0.12.4/common.gypi',
gyp info spawn args   '-Dlibrary=shared_library',
gyp info spawn args   '-Dvisibility=default',
gyp info spawn args   '-Dnode_root_dir=/Users/friends/.node-gyp/0.12.4',
gyp info spawn args   '-Dmodule_root_dir=/Users/friends/Development/dropship',
gyp info spawn args   '--depth=.',
gyp info spawn args   '--no-parallel',
gyp info spawn args   '--generator-output',
gyp info spawn args   'build',
gyp info spawn args   '-Goutput_dir=.' ]
gyp: binding.gyp not found (cwd: /Users/friends/Development/dropship) while trying to load binding.gyp
gyp ERR! configure error 
gyp ERR! stack Error: `gyp` failed with exit code: 1
gyp ERR! stack     at ChildProcess.onCpExit (/usr/local/lib/node_modules/node-gyp/lib/configure.js:355:16)
gyp ERR! stack     at ChildProcess.emit (events.js:110:17)
gyp ERR! stack     at Process.ChildProcess._handle.onexit (child_process.js:1074:12)
gyp ERR! System Darwin 13.4.0
gyp ERR! command "node" "/usr/local/bin/node-gyp" "rebuild"
gyp ERR! cwd /Users/friends/Development/dropship
gyp ERR! node -v v0.12.4
gyp ERR! node-gyp -v v2.0.1
gyp ERR! not ok 
